#
# There is insufficient memory for the Java Runtime Environment to continue.
# Native memory allocation (malloc) failed to allocate 129136 bytes for Chunk::new
# Possible reasons:
#   The system is out of physical RAM or swap space
#   The process is running with CompressedOops enabled, and the Java Heap may be blocking the growth of the native heap
# Possible solutions:
#   Reduce memory load on the system
#   Increase physical memory or swap space
#   Check if swap backing store is full
#   Decrease Java heap size (-Xmx/-Xms)
#   Decrease number of Java threads
#   Decrease Java thread stack sizes (-Xss)
#   Set larger code cache with -XX:ReservedCodeCacheSize=
#   JVM is running with Unscaled Compressed Oops mode in which the Java heap is
#     placed in the first 4GB address space. The Java Heap base address is the
#     maximum limit for the native heap growth. Please use -XX:HeapBaseMinAddress
#     to set the Java Heap base and to place the Java Heap above 4GB virtual address.
# This output file may be truncated or incomplete.
#
#  Out of Memory Error (c:/BuildAgent/work/5ff2f6c26000d570/src/hotspot/share/memory/arena.cpp:197), pid=3000, tid=11044
#
# JRE version: OpenJDK Runtime Environment (11.0.4+10) (build 11.0.4+10-b304.69)
# Java VM: OpenJDK 64-Bit Server VM (11.0.4+10-b304.69, mixed mode, sharing, tiered, compressed oops, g1 gc, windows-amd64)
# No core dump will be written. Minidumps are not enabled by default on client versions of Windows
#

---------------  S U M M A R Y ------------

Command Line: -Dmaven.multiModuleProjectDirectory=E:\IdeaProjects\easyutil -Dmaven.home=D:\JetBrains\IntelliJ IDEA 2019.2.3\plugins\maven\lib\maven3 -Dclassworlds.conf=D:\JetBrains\IntelliJ IDEA 2019.2.3\plugins\maven\lib\maven3\bin\m2.conf -Dmaven.ext.class.path=D:\JetBrains\IntelliJ IDEA 2019.2.3\plugins\maven\lib\maven-event-listener.jar -Dfile.encoding=UTF-8 org.codehaus.classworlds.Launcher -Didea.version2019.2.3 -s D:\apache-maven-3.5.4-bin\apache-maven-3.5.4\conf\settings.xml clean install

Host: Intel(R) Core(TM) i5-8250U CPU @ 1.60GHz, 8 cores, 7G,  Windows 10 , 64 bit Build 18362 (10.0.18362.959)
Time: Fri Jul 24 20:50:01 2020 ?D1¨²¡À¨º¡Á?¨º¡À?? elapsed time: 6 seconds (0d 0h 0m 6s)

---------------  T H R E A D  ---------------

Current thread (0x00000124e922d800):  JavaThread "C2 CompilerThread1" daemon [_thread_in_native, id=11044, stack(0x00000018dff00000,0x00000018e0000000)]


Current CompileTask:
C2:   6097 2006       4       sun.nio.cs.StreamDecoder::implRead (243 bytes)

Stack: [0x00000018dff00000,0x00000018e0000000]
Native frames: (J=compiled Java code, j=interpreted, Vv=VM code, C=native code)
V  [jvm.dll+0x5db31a]
V  [jvm.dll+0x70c395]
V  [jvm.dll+0x70d8b8]
V  [jvm.dll+0x70df83]
V  [jvm.dll+0x23dbb8]
V  [jvm.dll+0xb91fc]
V  [jvm.dll+0xb96fc]
V  [jvm.dll+0x34f40d]
V  [jvm.dll+0x31d333]
V  [jvm.dll+0x31c8ca]
V  [jvm.dll+0x1f7832]
V  [jvm.dll+0x1f6a04]
V  [jvm.dll+0x17fd7c]
V  [jvm.dll+0x204d17]
V  [jvm.dll+0x2035b2]
V  [jvm.dll+0x6d956f]
V  [jvm.dll+0x6d236d]
V  [jvm.dll+0x5da5e6]
C  [ucrtbase.dll+0x20e82]
C  [KERNEL32.DLL+0x17bd4]
C  [ntdll.dll+0x6ce51]


---------------  P R O C E S S  ---------------

Threads class SMR info:
_java_thread_list=0x00000124e9557220, length=12, elements={
0x00000124cda01000, 0x00000124e811f800, 0x00000124e8121000, 0x00000124e813d000,
0x00000124e813e000, 0x00000124e813f000, 0x00000124e814c800, 0x00000124e8150800,
0x00000124e8b42800, 0x00000124e8b47000, 0x00000124e922d800, 0x00000124e9602800
}

Java Threads: ( => current thread )
  0x00000124cda01000 JavaThread "main" [_thread_blocked, id=9912, stack(0x00000018dee00000,0x00000018def00000)]
  0x00000124e811f800 JavaThread "Reference Handler" daemon [_thread_blocked, id=6384, stack(0x00000018df500000,0x00000018df600000)]
  0x00000124e8121000 JavaThread "Finalizer" daemon [_thread_blocked, id=11060, stack(0x00000018df600000,0x00000018df700000)]
  0x00000124e813d000 JavaThread "Signal Dispatcher" daemon [_thread_blocked, id=14036, stack(0x00000018df700000,0x00000018df800000)]
  0x00000124e813e000 JavaThread "Attach Listener" daemon [_thread_blocked, id=19368, stack(0x00000018df800000,0x00000018df900000)]
  0x00000124e813f000 JavaThread "C2 CompilerThread0" daemon [_thread_in_native, id=1188, stack(0x00000018df900000,0x00000018dfa00000)]
  0x00000124e814c800 JavaThread "C1 CompilerThread0" daemon [_thread_blocked, id=14780, stack(0x00000018dfa00000,0x00000018dfb00000)]
  0x00000124e8150800 JavaThread "Sweeper thread" daemon [_thread_blocked, id=15652, stack(0x00000018dfb00000,0x00000018dfc00000)]
  0x00000124e8b42800 JavaThread "Service Thread" daemon [_thread_blocked, id=12456, stack(0x00000018dfc00000,0x00000018dfd00000)]
  0x00000124e8b47000 JavaThread "Common-Cleaner" daemon [_thread_blocked, id=12832, stack(0x00000018dfe00000,0x00000018dff00000)]
=>0x00000124e922d800 JavaThread "C2 CompilerThread1" daemon [_thread_in_native, id=11044, stack(0x00000018dff00000,0x00000018e0000000)]
  0x00000124e9602800 JavaThread "C2 CompilerThread2" daemon [_thread_in_native, id=18664, stack(0x00000018e0000000,0x00000018e0100000)]

Other Threads:
  0x00000124e811c800 VMThread "VM Thread" [stack: 0x00000018df400000,0x00000018df500000] [id=16700]
  0x00000124e8b45800 WatcherThread [stack: 0x00000018dfd00000,0x00000018dfe00000] [id=19532]
  0x00000124cda19000 GCTaskThread "GC Thread#0" [stack: 0x00000018def00000,0x00000018df000000] [id=19028]
  0x00000124e9f3b000 GCTaskThread "GC Thread#1" [stack: 0x00000018e0100000,0x00000018e0200000] [id=8892]
  0x00000124e9cf3800 GCTaskThread "GC Thread#2" [stack: 0x00000018e0200000,0x00000018e0300000] [id=10020]
  0x00000124cda48000 ConcurrentGCThread "G1 Main Marker" [stack: 0x00000018df000000,0x00000018df100000] [id=9144]
  0x00000124cda49800 ConcurrentGCThread "G1 Conc#0" [stack: 0x00000018df100000,0x00000018df200000] [id=21448]
  0x00000124e9329800 ConcurrentGCThread "G1 Conc#1" [stack: 0x00000018e0300000,0x00000018e0400000] [id=21284]
  0x00000124cdace000 ConcurrentGCThread "G1 Refine#0" [stack: 0x00000018df200000,0x00000018df300000] [id=19692]
  0x00000124e7fb0800 ConcurrentGCThread "G1 Young RemSet Sampling" [stack: 0x00000018df300000,0x00000018df400000] [id=13244]

Threads with active compile tasks:
C2 CompilerThread01989       4       org.codehaus.plexus.util.xml.pull.MXParser::parseStartTag (1195 bytes)
C2 CompilerThread12006       4       sun.nio.cs.StreamDecoder::implRead (243 bytes)
C2 CompilerThread21982   !   4       java.net.URL::<init> (543 bytes)

VM state:at safepoint (normal execution)

VM Mutex/Monitor currently owned by a thread:  ([mutex/lock_event])
[0x00000124cda00010] Threads_lock - owner thread: 0x00000124e811c800
[0x00000124cd9fea20] Heap_lock - owner thread: 0x00000124cda01000

Heap address: 0x0000000081e00000, size: 2018 MB, Compressed Oops mode: 32-bit
Narrow klass base: 0x0000000800000000, Narrow klass shift: 3
Compressed class space size: 1073741824 Address: 0x0000000840000000

Heap:
 garbage-first heap   total 131072K, used 6051K [0x0000000081e00000, 0x0000000100000000)
  region size 1024K, 6 young (6144K), 6 survivors (6144K)
 Metaspace       used 11949K, capacity 13657K, committed 13696K, reserved 1071104K
  class space    used 1443K, capacity 1663K, committed 1664K, reserved 1048576K
Heap Regions: E=young(eden), S=young(survivor), O=old, HS=humongous(starts), HC=humongous(continues), CS=collection set, F=free, A=archive, TAMS=top-at-mark-start (previous, next)
|   0|0x0000000081e00000, 0x0000000081ea5a00, 0x0000000081f00000| 64%| O|  |TAMS 0x0000000081e00000, 0x0000000081ea5a00| Untracked 
|   1|0x0000000081f00000, 0x0000000081f00000, 0x0000000082000000|  0%| F|  |TAMS 0x0000000081f00000, 0x0000000081f00000| Untracked 
|   2|0x0000000082000000, 0x0000000082000000, 0x0000000082100000|  0%| F|  |TAMS 0x0000000082000000, 0x0000000082000000| Untracked 
|   3|0x0000000082100000, 0x0000000082100000, 0x0000000082200000|  0%| F|  |TAMS 0x0000000082100000, 0x0000000082100000| Untracked 
|   4|0x0000000082200000, 0x0000000082200000, 0x0000000082300000|  0%| F|  |TAMS 0x0000000082200000, 0x0000000082200000| Untracked 
|   5|0x0000000082300000, 0x0000000082300000, 0x0000000082400000|  0%| F|  |TAMS 0x0000000082300000, 0x0000000082300000| Untracked 
|   6|0x0000000082400000, 0x0000000082400000, 0x0000000082500000|  0%| F|  |TAMS 0x0000000082400000, 0x0000000082400000| Untracked 
|   7|0x0000000082500000, 0x0000000082500000, 0x0000000082600000|  0%| F|  |TAMS 0x0000000082500000, 0x0000000082500000| Untracked 
|   8|0x0000000082600000, 0x0000000082600000, 0x0000000082700000|  0%| F|  |TAMS 0x0000000082600000, 0x0000000082600000| Untracked 
|   9|0x0000000082700000, 0x0000000082700000, 0x0000000082800000|  0%| F|  |TAMS 0x0000000082700000, 0x0000000082700000| Untracked 
|  10|0x0000000082800000, 0x0000000082800000, 0x0000000082900000|  0%| F|  |TAMS 0x0000000082800000, 0x0000000082800000| Untracked 
|  11|0x0000000082900000, 0x0000000082900000, 0x0000000082a00000|  0%| F|  |TAMS 0x0000000082900000, 0x0000000082900000| Untracked 
|  12|0x0000000082a00000, 0x0000000082a00000, 0x0000000082b00000|  0%| F|  |TAMS 0x0000000082a00000, 0x0000000082a00000| Untracked 
|  13|0x0000000082b00000, 0x0000000082b00000, 0x0000000082c00000|  0%| F|  |TAMS 0x0000000082b00000, 0x0000000082b00000| Untracked 
|  14|0x0000000082c00000, 0x0000000082c00000, 0x0000000082d00000|  0%| F|  |TAMS 0x0000000082c00000, 0x0000000082c00000| Untracked 
|  15|0x0000000082d00000, 0x0000000082d00000, 0x0000000082e00000|  0%| F|  |TAMS 0x0000000082d00000, 0x0000000082d00000| Untracked 
|  16|0x0000000082e00000, 0x0000000082e00000, 0x0000000082f00000|  0%| F|  |TAMS 0x0000000082e00000, 0x0000000082e00000| Untracked 
|  17|0x0000000082f00000, 0x0000000082f00000, 0x0000000083000000|  0%| F|  |TAMS 0x0000000082f00000, 0x0000000082f00000| Untracked 
|  18|0x0000000083000000, 0x0000000083000000, 0x0000000083100000|  0%| F|  |TAMS 0x0000000083000000, 0x0000000083000000| Untracked 
|  19|0x0000000083100000, 0x0000000083100000, 0x0000000083200000|  0%| F|  |TAMS 0x0000000083100000, 0x0000000083100000| Untracked 
|  20|0x0000000083200000, 0x0000000083200000, 0x0000000083300000|  0%| F|  |TAMS 0x0000000083200000, 0x0000000083200000| Untracked 
|  21|0x0000000083300000, 0x0000000083300000, 0x0000000083400000|  0%| F|  |TAMS 0x0000000083300000, 0x0000000083300000| Untracked 
|  22|0x0000000083400000, 0x0000000083400000, 0x0000000083500000|  0%| F|  |TAMS 0x0000000083400000, 0x0000000083400000| Untracked 
|  23|0x0000000083500000, 0x0000000083500000, 0x0000000083600000|  0%| F|  |TAMS 0x0000000083500000, 0x0000000083500000| Untracked 
|  24|0x0000000083600000, 0x0000000083600000, 0x0000000083700000|  0%| F|  |TAMS 0x0000000083600000, 0x0000000083600000| Untracked 
|  25|0x0000000083700000, 0x0000000083700000, 0x0000000083800000|  0%| F|  |TAMS 0x0000000083700000, 0x0000000083700000| Untracked 
|  26|0x0000000083800000, 0x0000000083800000, 0x0000000083900000|  0%| F|  |TAMS 0x0000000083800000, 0x0000000083800000| Untracked 
|  27|0x0000000083900000, 0x0000000083900000, 0x0000000083a00000|  0%| F|  |TAMS 0x0000000083900000, 0x0000000083900000| Untracked 
|  28|0x0000000083a00000, 0x0000000083a00000, 0x0000000083b00000|  0%| F|  |TAMS 0x0000000083a00000, 0x0000000083a00000| Untracked 
|  29|0x0000000083b00000, 0x0000000083b00000, 0x0000000083c00000|  0%| F|  |TAMS 0x0000000083b00000, 0x0000000083b00000| Untracked 
|  30|0x0000000083c00000, 0x0000000083c00000, 0x0000000083d00000|  0%| F|  |TAMS 0x0000000083c00000, 0x0000000083c00000| Untracked 
|  31|0x0000000083d00000, 0x0000000083d00000, 0x0000000083e00000|  0%| F|  |TAMS 0x0000000083d00000, 0x0000000083d00000| Untracked 
|  32|0x0000000083e00000, 0x0000000083e00000, 0x0000000083f00000|  0%| F|  |TAMS 0x0000000083e00000, 0x0000000083e00000| Untracked 
|  33|0x0000000083f00000, 0x0000000083f00000, 0x0000000084000000|  0%| F|  |TAMS 0x0000000083f00000, 0x0000000083f00000| Untracked 
|  34|0x0000000084000000, 0x0000000084000000, 0x0000000084100000|  0%| F|  |TAMS 0x0000000084000000, 0x0000000084000000| Untracked 
|  35|0x0000000084100000, 0x0000000084100000, 0x0000000084200000|  0%| F|  |TAMS 0x0000000084100000, 0x0000000084100000| Untracked 
|  36|0x0000000084200000, 0x0000000084200000, 0x0000000084300000|  0%| F|  |TAMS 0x0000000084200000, 0x0000000084200000| Untracked 
|  37|0x0000000084300000, 0x0000000084300000, 0x0000000084400000|  0%| F|  |TAMS 0x0000000084300000, 0x0000000084300000| Untracked 
|  38|0x0000000084400000, 0x0000000084400000, 0x0000000084500000|  0%| F|  |TAMS 0x0000000084400000, 0x0000000084400000| Untracked 
|  39|0x0000000084500000, 0x0000000084500000, 0x0000000084600000|  0%| F|  |TAMS 0x0000000084500000, 0x0000000084500000| Untracked 
|  40|0x0000000084600000, 0x0000000084600000, 0x0000000084700000|  0%| F|  |TAMS 0x0000000084600000, 0x0000000084600000| Untracked 
|  41|0x0000000084700000, 0x0000000084700000, 0x0000000084800000|  0%| F|  |TAMS 0x0000000084700000, 0x0000000084700000| Untracked 
|  42|0x0000000084800000, 0x0000000084800000, 0x0000000084900000|  0%| F|  |TAMS 0x0000000084800000, 0x0000000084800000| Untracked 
|  43|0x0000000084900000, 0x0000000084900000, 0x0000000084a00000|  0%| F|  |TAMS 0x0000000084900000, 0x0000000084900000| Untracked 
|  44|0x0000000084a00000, 0x0000000084a00000, 0x0000000084b00000|  0%| F|  |TAMS 0x0000000084a00000, 0x0000000084a00000| Untracked 
|  45|0x0000000084b00000, 0x0000000084b00000, 0x0000000084c00000|  0%| F|  |TAMS 0x0000000084b00000, 0x0000000084b00000| Untracked 
|  46|0x0000000084c00000, 0x0000000084c00000, 0x0000000084d00000|  0%| F|  |TAMS 0x0000000084c00000, 0x0000000084c00000| Untracked 
|  47|0x0000000084d00000, 0x0000000084d00000, 0x0000000084e00000|  0%| F|  |TAMS 0x0000000084d00000, 0x0000000084d00000| Untracked 
|  48|0x0000000084e00000, 0x0000000084e00000, 0x0000000084f00000|  0%| F|  |TAMS 0x0000000084e00000, 0x0000000084e00000| Untracked 
|  49|0x0000000084f00000, 0x0000000084f00000, 0x0000000085000000|  0%| F|  |TAMS 0x0000000084f00000, 0x0000000084f00000| Untracked 
|  50|0x0000000085000000, 0x0000000085000000, 0x0000000085100000|  0%| F|  |TAMS 0x0000000085000000, 0x0000000085000000| Untracked 
|  51|0x0000000085100000, 0x0000000085100000, 0x0000000085200000|  0%| F|  |TAMS 0x0000000085100000, 0x0000000085100000| Untracked 
|  52|0x0000000085200000, 0x0000000085200000, 0x0000000085300000|  0%| F|  |TAMS 0x0000000085200000, 0x0000000085200000| Untracked 
|  53|0x0000000085300000, 0x0000000085300000, 0x0000000085400000|  0%| F|  |TAMS 0x0000000085300000, 0x0000000085300000| Untracked 
|  54|0x0000000085400000, 0x0000000085400000, 0x0000000085500000|  0%| F|  |TAMS 0x0000000085400000, 0x0000000085400000| Untracked 
|  55|0x0000000085500000, 0x0000000085500000, 0x0000000085600000|  0%| F|  |TAMS 0x0000000085500000, 0x0000000085500000| Untracked 
|  56|0x0000000085600000, 0x0000000085600000, 0x0000000085700000|  0%| F|  |TAMS 0x0000000085600000, 0x0000000085600000| Untracked 
|  57|0x0000000085700000, 0x0000000085700000, 0x0000000085800000|  0%| F|  |TAMS 0x0000000085700000, 0x0000000085700000| Untracked 
|  58|0x0000000085800000, 0x0000000085800000, 0x0000000085900000|  0%| F|  |TAMS 0x0000000085800000, 0x0000000085800000| Untracked 
|  59|0x0000000085900000, 0x0000000085900000, 0x0000000085a00000|  0%| F|  |TAMS 0x0000000085900000, 0x0000000085900000| Untracked 
|  60|0x0000000085a00000, 0x0000000085a00000, 0x0000000085b00000|  0%| F|  |TAMS 0x0000000085a00000, 0x0000000085a00000| Untracked 
|  61|0x0000000085b00000, 0x0000000085b00000, 0x0000000085c00000|  0%| F|  |TAMS 0x0000000085b00000, 0x0000000085b00000| Untracked 
|  62|0x0000000085c00000, 0x0000000085c00000, 0x0000000085d00000|  0%| F|  |TAMS 0x0000000085c00000, 0x0000000085c00000| Untracked 
|  63|0x0000000085d00000, 0x0000000085d00000, 0x0000000085e00000|  0%| F|  |TAMS 0x0000000085d00000, 0x0000000085d00000| Untracked 
|  64|0x0000000085e00000, 0x0000000085e00000, 0x0000000085f00000|  0%| F|  |TAMS 0x0000000085e00000, 0x0000000085e00000| Untracked 
|  65|0x0000000085f00000, 0x0000000085f00000, 0x0000000086000000|  0%| F|  |TAMS 0x0000000085f00000, 0x0000000085f00000| Untracked 
|  66|0x0000000086000000, 0x0000000086000000, 0x0000000086100000|  0%| F|  |TAMS 0x0000000086000000, 0x0000000086000000| Untracked 
|  67|0x0000000086100000, 0x0000000086100000, 0x0000000086200000|  0%| F|  |TAMS 0x0000000086100000, 0x0000000086100000| Untracked 
|  68|0x0000000086200000, 0x0000000086200000, 0x0000000086300000|  0%| F|  |TAMS 0x0000000086200000, 0x0000000086200000| Untracked 
|  69|0x0000000086300000, 0x0000000086300000, 0x0000000086400000|  0%| F|  |TAMS 0x0000000086300000, 0x0000000086300000| Untracked 
|  70|0x0000000086400000, 0x0000000086400000, 0x0000000086500000|  0%| F|  |TAMS 0x0000000086400000, 0x0000000086400000| Untracked 
|  71|0x0000000086500000, 0x0000000086500000, 0x0000000086600000|  0%| F|  |TAMS 0x0000000086500000, 0x0000000086500000| Untracked 
|  72|0x0000000086600000, 0x0000000086600000, 0x0000000086700000|  0%| F|  |TAMS 0x0000000086600000, 0x0000000086600000| Untracked 
|  73|0x0000000086700000, 0x0000000086700000, 0x0000000086800000|  0%| F|  |TAMS 0x0000000086700000, 0x0000000086700000| Untracked 
|  74|0x0000000086800000, 0x0000000086843300, 0x0000000086900000| 26%| S|CS|TAMS 0x0000000086800000, 0x0000000086800000| Complete 
|  75|0x0000000086900000, 0x0000000086a00000, 0x0000000086a00000|100%| S|CS|TAMS 0x0000000086900000, 0x0000000086900000| Complete 
|  76|0x0000000086a00000, 0x0000000086b00000, 0x0000000086b00000|100%| S|CS|TAMS 0x0000000086a00000, 0x0000000086a00000| Complete 
|  77|0x0000000086b00000, 0x0000000086c00000, 0x0000000086c00000|100%| S|CS|TAMS 0x0000000086b00000, 0x0000000086b00000| Complete 
|  78|0x0000000086c00000, 0x0000000086d00000, 0x0000000086d00000|100%| S|CS|TAMS 0x0000000086c00000, 0x0000000086c00000| Complete 
|  79|0x0000000086d00000, 0x0000000086e00000, 0x0000000086e00000|100%| S|CS|TAMS 0x0000000086d00000, 0x0000000086d00000| Complete 
|  80|0x0000000086e00000, 0x0000000086e00000, 0x0000000086f00000|  0%| F|  |TAMS 0x0000000086e00000, 0x0000000086e00000| Untracked 
|  81|0x0000000086f00000, 0x0000000086f00000, 0x0000000087000000|  0%| F|  |TAMS 0x0000000086f00000, 0x0000000086f00000| Untracked 
|  82|0x0000000087000000, 0x0000000087000000, 0x0000000087100000|  0%| F|  |TAMS 0x0000000087000000, 0x0000000087000000| Untracked 
|  83|0x0000000087100000, 0x0000000087100000, 0x0000000087200000|  0%| F|  |TAMS 0x0000000087100000, 0x0000000087100000| Untracked 
|  84|0x0000000087200000, 0x0000000087200000, 0x0000000087300000|  0%| F|  |TAMS 0x0000000087200000, 0x0000000087200000| Untracked 
|  85|0x0000000087300000, 0x0000000087300000, 0x0000000087400000|  0%| F|  |TAMS 0x0000000087300000, 0x0000000087300000| Untracked 
|  86|0x0000000087400000, 0x0000000087400000, 0x0000000087500000|  0%| F|  |TAMS 0x0000000087400000, 0x0000000087400000| Untracked 
|  87|0x0000000087500000, 0x0000000087500000, 0x0000000087600000|  0%| F|  |TAMS 0x0000000087500000, 0x0000000087500000| Untracked 
|  88|0x0000000087600000, 0x0000000087600000, 0x0000000087700000|  0%| F|  |TAMS 0x0000000087600000, 0x0000000087600000| Untracked 
|  89|0x0000000087700000, 0x0000000087700000, 0x0000000087800000|  0%| F|  |TAMS 0x0000000087700000, 0x0000000087700000| Untracked 
|  90|0x0000000087800000, 0x0000000087800000, 0x0000000087900000|  0%| F|  |TAMS 0x0000000087800000, 0x0000000087800000| Untracked 
|  91|0x0000000087900000, 0x0000000087900000, 0x0000000087a00000|  0%| F|  |TAMS 0x0000000087900000, 0x0000000087900000| Untracked 
|  92|0x0000000087a00000, 0x0000000087a00000, 0x0000000087b00000|  0%| F|  |TAMS 0x0000000087a00000, 0x0000000087a00000| Untracked 
|  93|0x0000000087b00000, 0x0000000087b00000, 0x0000000087c00000|  0%| F|  |TAMS 0x0000000087b00000, 0x0000000087b00000| Untracked 
|  94|0x0000000087c00000, 0x0000000087c00000, 0x0000000087d00000|  0%| F|  |TAMS 0x0000000087c00000, 0x0000000087c00000| Untracked 
|  95|0x0000000087d00000, 0x0000000087d00000, 0x0000000087e00000|  0%| F|  |TAMS 0x0000000087d00000, 0x0000000087d00000| Untracked 
|  96|0x0000000087e00000, 0x0000000087e00000, 0x0000000087f00000|  0%| F|  |TAMS 0x0000000087e00000, 0x0000000087e00000| Untracked 
|  97|0x0000000087f00000, 0x0000000087f00000, 0x0000000088000000|  0%| F|  |TAMS 0x0000000087f00000, 0x0000000087f00000| Untracked 
|  98|0x0000000088000000, 0x0000000088000000, 0x0000000088100000|  0%| F|  |TAMS 0x0000000088000000, 0x0000000088000000| Untracked 
|  99|0x0000000088100000, 0x0000000088100000, 0x0000000088200000|  0%| F|  |TAMS 0x0000000088100000, 0x0000000088100000| Untracked 
| 100|0x0000000088200000, 0x0000000088200000, 0x0000000088300000|  0%| F|  |TAMS 0x0000000088200000, 0x0000000088200000| Untracked 
| 101|0x0000000088300000, 0x0000000088300000, 0x0000000088400000|  0%| F|  |TAMS 0x0000000088300000, 0x0000000088300000| Untracked 
| 102|0x0000000088400000, 0x0000000088400000, 0x0000000088500000|  0%| F|  |TAMS 0x0000000088400000, 0x0000000088400000| Untracked 
| 103|0x0000000088500000, 0x0000000088500000, 0x0000000088600000|  0%| F|  |TAMS 0x0000000088500000, 0x0000000088500000| Untracked 
| 104|0x0000000088600000, 0x0000000088600000, 0x0000000088700000|  0%| F|  |TAMS 0x0000000088600000, 0x0000000088600000| Untracked 
| 105|0x0000000088700000, 0x0000000088700000, 0x0000000088800000|  0%| F|  |TAMS 0x0000000088700000, 0x0000000088700000| Untracked 
| 106|0x0000000088800000, 0x0000000088800000, 0x0000000088900000|  0%| F|  |TAMS 0x0000000088800000, 0x0000000088800000| Untracked 
| 107|0x0000000088900000, 0x0000000088900000, 0x0000000088a00000|  0%| F|  |TAMS 0x0000000088900000, 0x0000000088900000| Untracked 
| 108|0x0000000088a00000, 0x0000000088a00000, 0x0000000088b00000|  0%| F|  |TAMS 0x0000000088a00000, 0x0000000088a00000| Untracked 
| 109|0x0000000088b00000, 0x0000000088b00000, 0x0000000088c00000|  0%| F|  |TAMS 0x0000000088b00000, 0x0000000088b00000| Untracked 
| 110|0x0000000088c00000, 0x0000000088c00000, 0x0000000088d00000|  0%| F|  |TAMS 0x0000000088c00000, 0x0000000088c00000| Untracked 
| 111|0x0000000088d00000, 0x0000000088d00000, 0x0000000088e00000|  0%| F|  |TAMS 0x0000000088d00000, 0x0000000088d00000| Untracked 
| 112|0x0000000088e00000, 0x0000000088e00000, 0x0000000088f00000|  0%| F|  |TAMS 0x0000000088e00000, 0x0000000088e00000| Untracked 
| 113|0x0000000088f00000, 0x0000000088f00000, 0x0000000089000000|  0%| F|  |TAMS 0x0000000088f00000, 0x0000000088f00000| Untracked 
| 114|0x0000000089000000, 0x0000000089000000, 0x0000000089100000|  0%| F|  |TAMS 0x0000000089000000, 0x0000000089000000| Untracked 
| 115|0x0000000089100000, 0x0000000089100000, 0x0000000089200000|  0%| F|  |TAMS 0x0000000089100000, 0x0000000089100000| Untracked 
| 116|0x0000000089200000, 0x0000000089200000, 0x0000000089300000|  0%| F|  |TAMS 0x0000000089200000, 0x0000000089200000| Untracked 
| 117|0x0000000089300000, 0x0000000089300000, 0x0000000089400000|  0%| F|  |TAMS 0x0000000089300000, 0x0000000089300000| Untracked 
| 118|0x0000000089400000, 0x0000000089400000, 0x0000000089500000|  0%| F|  |TAMS 0x0000000089400000, 0x0000000089400000| Untracked 
| 119|0x0000000089500000, 0x0000000089500000, 0x0000000089600000|  0%| F|  |TAMS 0x0000000089500000, 0x0000000089500000| Untracked 
| 120|0x0000000089600000, 0x0000000089600000, 0x0000000089700000|  0%| F|  |TAMS 0x0000000089600000, 0x0000000089600000| Untracked 
| 121|0x0000000089700000, 0x0000000089700000, 0x0000000089800000|  0%| F|  |TAMS 0x0000000089700000, 0x0000000089700000| Untracked 
| 122|0x0000000089800000, 0x0000000089800000, 0x0000000089900000|  0%| F|  |TAMS 0x0000000089800000, 0x0000000089800000| Untracked 
| 123|0x0000000089900000, 0x0000000089900000, 0x0000000089a00000|  0%| F|  |TAMS 0x0000000089900000, 0x0000000089900000| Untracked 
| 124|0x0000000089a00000, 0x0000000089a00000, 0x0000000089b00000|  0%| F|  |TAMS 0x0000000089a00000, 0x0000000089a00000| Untracked 
| 125|0x0000000089b00000, 0x0000000089b00000, 0x0000000089c00000|  0%| F|  |TAMS 0x0000000089b00000, 0x0000000089b00000| Untracked 
| 126|0x0000000089c00000, 0x0000000089c00000, 0x0000000089d00000|  0%| F|  |TAMS 0x0000000089c00000, 0x0000000089c00000| Untracked 
| 127|0x0000000089d00000, 0x0000000089d00000, 0x0000000089e00000|  0%| F|  |TAMS 0x0000000089d00000, 0x0000000089d00000| Untracked 

Card table byte_map: [0x00000124e0fe0000,0x00000124e13e0000] _byte_map_base: 0x00000124e0bd1000

Marking Bits (Prev, Next): (CMBitMap*) 0x00000124cda3f308, (CMBitMap*) 0x00000124cda3f340
 Prev Bits: [0x00000124e17e0000, 0x00000124e3768000)
 Next Bits: [0x00000124e3770000, 0x00000124e56f8000)

Polling page: 0x00000124cd1d0000

Metaspace:

Usage:
  Non-class:     11.71 MB capacity,    10.26 MB ( 88%) used,     1.44 MB ( 12%) free+waste,    15.94 KB ( <1%) overhead. 
      Class:      1.62 MB capacity,     1.41 MB ( 87%) used,   212.14 KB ( 13%) free+waste,     7.44 KB ( <1%) overhead. 
       Both:     13.34 MB capacity,    11.67 MB ( 87%) used,     1.65 MB ( 12%) free+waste,    23.38 KB ( <1%) overhead. 

Virtual space:
  Non-class space:       22.00 MB reserved,      11.75 MB ( 53%) committed 
      Class space:        1.00 GB reserved,       1.63 MB ( <1%) committed 
             Both:        1.02 GB reserved,      13.38 MB (  1%) committed 

Chunk freelists:
   Non-Class:  38.00 KB
       Class:  1.00 KB
        Both:  39.00 KB

CodeHeap 'non-profiled nmethods': size=120000Kb used=818Kb max_used=818Kb free=119181Kb
 bounds [0x00000124d9380000, 0x00000124d95f0000, 0x00000124e08b0000]
CodeHeap 'profiled nmethods': size=120000Kb used=4371Kb max_used=4371Kb free=115628Kb
 bounds [0x00000124d1e50000, 0x00000124d22a0000, 0x00000124d9380000]
CodeHeap 'non-nmethods': size=5760Kb used=1111Kb max_used=1142Kb free=4648Kb
 bounds [0x00000124d18b0000, 0x00000124d1b20000, 0x00000124d1e50000]
 total_blobs=2909 nmethods=2036 adapters=329
 compilation: enabled
              stopped_count=0, restarted_count=0
 full_count=0

Compilation events (10 events):
Event: 6.073 Thread 0x00000124e922d800 2006       4       sun.nio.cs.StreamDecoder::implRead (243 bytes)
Event: 6.074 Thread 0x00000124e814c800 nmethod 2014 0x00000124d2273f90 code [0x00000124d22741a0, 0x00000124d2274910]
Event: 6.074 Thread 0x00000124e814c800 2010  s    3       org.fusesource.jansi.AnsiPrintStream::filter (948 bytes)
Event: 6.085 Thread 0x00000124e814c800 nmethod 2010 0x00000124d2274c90 code [0x00000124d2275600, 0x00000124d227bc30]
Event: 6.085 Thread 0x00000124e814c800 2011       3       java.io.PrintStream::print (9 bytes)
Event: 6.085 Thread 0x00000124e814c800 nmethod 2011 0x00000124d227dd90 code [0x00000124d227df60, 0x00000124d227e140]
Event: 6.085 Thread 0x00000124e814c800 2012   !   3       java.io.PrintStream::write (83 bytes)
Event: 6.087 Thread 0x00000124e814c800 nmethod 2012 0x00000124d227e210 code [0x00000124d227e4c0, 0x00000124d227f240]
Event: 6.087 Thread 0x00000124e814c800 2013       3       java.io.Writer::write (11 bytes)
Event: 6.087 Thread 0x00000124e814c800 nmethod 2013 0x00000124d227f890 code [0x00000124d227fa60, 0x00000124d227fdb0]

GC Heap History (2 events):
Event: 4.486 GC heap before
{Heap before GC invocations=0 (full 0):
 garbage-first heap   total 131072K, used 24576K [0x0000000081e00000, 0x0000000100000000)
  region size 1024K, 24 young (24576K), 0 survivors (0K)
 Metaspace       used 5663K, capacity 7893K, committed 8064K, reserved 1056768K
  class space    used 660K, capacity 868K, committed 896K, reserved 1048576K
}
Event: 4.498 GC heap after
{Heap after GC invocations=1 (full 0):
 garbage-first heap   total 131072K, used 3734K [0x0000000081e00000, 0x0000000100000000)
  region size 1024K, 3 young (3072K), 3 survivors (3072K)
 Metaspace       used 5663K, capacity 7893K, committed 8064K, reserved 1056768K
  class space    used 660K, capacity 868K, committed 896K, reserved 1048576K
}

Deoptimization events (10 events):
Event: 6.030 Thread 0x00000124cda01000 DEOPT PACKING pc=0x00000124d93b1c74 sp=0x00000018deefe250
Event: 6.030 Thread 0x00000124cda01000 DEOPT UNPACKING pc=0x00000124d18d922f sp=0x00000018deefe148 mode 2
Event: 6.030 Thread 0x00000124cda01000 Uncommon trap: trap_request=0xffffff4d fr.pc=0x00000124d93b3700 relative=0x00000000000000e0
Event: 6.030 Thread 0x00000124cda01000 Uncommon trap: reason=unstable_if action=reinterpret pc=0x00000124d93b3700 method=java.lang.String.getBytes([BIB)V @ 5 c2
Event: 6.030 Thread 0x00000124cda01000 DEOPT PACKING pc=0x00000124d93b3700 sp=0x00000018deefe190
Event: 6.030 Thread 0x00000124cda01000 DEOPT UNPACKING pc=0x00000124d18d922f sp=0x00000018deefe138 mode 2
Event: 6.045 Thread 0x00000124cda01000 Uncommon trap: trap_request=0xffffff4d fr.pc=0x00000124d93a364c relative=0x00000000000002ac
Event: 6.045 Thread 0x00000124cda01000 Uncommon trap: reason=unstable_if action=reinterpret pc=0x00000124d93a364c method=java.lang.StringUTF16.compress([CI[BII)I @ 20 c2
Event: 6.045 Thread 0x00000124cda01000 DEOPT PACKING pc=0x00000124d93a364c sp=0x00000018deefdff0
Event: 6.045 Thread 0x00000124cda01000 DEOPT UNPACKING pc=0x00000124d18d922f sp=0x00000018deefdf98 mode 2

Classes redefined (0 events):
No events

Internal exceptions (6 events):
Event: 0.289 Thread 0x00000124cda01000 Exception <a 'java/lang/NoSuchMethodError'{0x0000000089904b88}: 'int java.lang.invoke.DirectMethodHandle$Holder.invokeSpecialIFC(java.lang.Object, java.lang.Object, int)'> (0x0000000089904b88) thrown at [c:/BuildAgent/work/5ff2f6c26000d570/src/hotspot/sha
Event: 0.414 Thread 0x00000124cda01000 Exception <a 'java/lang/NoSuchMethodError'{0x000000008983ec38}: 'java.lang.Object java.lang.invoke.DirectMethodHandle$Holder.invokeStaticInit(java.lang.Object, int, int, int, int)'> (0x000000008983ec38) thrown at [c:/BuildAgent/work/5ff2f6c26000d570/src/h
Event: 3.229 Thread 0x00000124cda01000 Exception <a 'java/lang/NoSuchMethodError'{0x0000000089864d38}: 'java.lang.Object java.lang.invoke.DirectMethodHandle$Holder.invokeStaticInit(java.lang.Object, java.lang.Object, int, int, int, int)'> (0x0000000089864d38) thrown at [c:/BuildAgent/work/5ff2
Event: 5.793 Thread 0x00000124cda01000 Exception <a 'java/lang/NoClassDefFoundError'{0x000000008758ad60}: com/google/inject/servlet/ServletModuleTargetVisitor> (0x000000008758ad60) thrown at [c:/BuildAgent/work/5ff2f6c26000d570/src/hotspot/share/classfile/systemDictionary.cpp, line 220]
Event: 5.793 Thread 0x00000124cda01000 Exception <a 'java/lang/NoClassDefFoundError'{0x000000008758ad60}> (0x000000008758ad60) thrown at [c:/BuildAgent/work/5ff2f6c26000d570/src/hotspot/share/prims/jvm.cpp, line 1304]
Event: 5.793 Thread 0x00000124cda01000 Exception <a 'java/lang/NoClassDefFoundError'{0x000000008758ddf8}: javax/annotation/Priority> (0x000000008758ddf8) thrown at [c:/BuildAgent/work/5ff2f6c26000d570/src/hotspot/share/classfile/systemDictionary.cpp, line 220]

Events (10 events):
Event: 6.074 loading class org/apache/maven/cli/transfer/ConsoleMavenTransferListener
Event: 6.074 loading class org/apache/maven/cli/transfer/ConsoleMavenTransferListener done
Event: 6.075 loading class org/apache/maven/cli/transfer/AbstractMavenTransferListener
Event: 6.075 loading class org/apache/maven/cli/transfer/AbstractMavenTransferListener done
Event: 6.075 loading class org/eclipse/aether/transfer/AbstractTransferListener
Event: 6.075 loading class org/eclipse/aether/transfer/AbstractTransferListener done
Event: 6.077 loading class org/apache/maven/cli/event/ExecutionEventLogger
Event: 6.077 loading class org/apache/maven/cli/event/ExecutionEventLogger done
Event: 6.088 loading class org/apache/maven/execution/AbstractExecutionListener
Event: 6.088 loading class org/apache/maven/execution/AbstractExecutionListener done


Dynamic libraries:
0x00007ff7c69d0000 - 0x00007ff7c6a17000 	D:\JetBrains\IntelliJ IDEA 2019.2.3\jbr\bin\java.exe
0x00007ff9ebbe0000 - 0x00007ff9ebdd0000 	C:\WINDOWS\SYSTEM32\ntdll.dll
0x00007ff9e9d00000 - 0x00007ff9e9db2000 	C:\WINDOWS\System32\KERNEL32.DLL
0x00007ff9e9350000 - 0x00007ff9e95f4000 	C:\WINDOWS\System32\KERNELBASE.dll
0x00007ff9ea240000 - 0x00007ff9ea3d4000 	C:\WINDOWS\System32\USER32.dll
0x00007ff9e9840000 - 0x00007ff9e9861000 	C:\WINDOWS\System32\win32u.dll
0x00007ff9e9df0000 - 0x00007ff9e9e16000 	C:\WINDOWS\System32\GDI32.dll
0x00007ff9e9870000 - 0x00007ff9e9a06000 	C:\WINDOWS\System32\gdi32full.dll
0x00007ff9e9750000 - 0x00007ff9e97ee000 	C:\WINDOWS\System32\msvcp_win.dll
0x00007ff9e9600000 - 0x00007ff9e96fa000 	C:\WINDOWS\System32\ucrtbase.dll
0x00007ff9d5850000 - 0x00007ff9d5ad4000 	C:\WINDOWS\WinSxS\amd64_microsoft.windows.common-controls_6595b64144ccf1df_6.0.18362.959_none_e6c7bbbf130c62bb\COMCTL32.dll
0x00007ff9e9e20000 - 0x00007ff9e9ebe000 	C:\WINDOWS\System32\msvcrt.dll
0x00007ff9eb860000 - 0x00007ff9ebb95000 	C:\WINDOWS\System32\combase.dll
0x00007ff9ea4a0000 - 0x00007ff9ea5c0000 	C:\WINDOWS\System32\RPCRT4.dll
0x00007ff9e9c10000 - 0x00007ff9e9c90000 	C:\WINDOWS\System32\bcryptPrimitives.dll
0x00007ff9e9dc0000 - 0x00007ff9e9dee000 	C:\WINDOWS\System32\IMM32.DLL
0x00007ff9e4900000 - 0x00007ff9e4917000 	D:\JetBrains\IntelliJ IDEA 2019.2.3\jbr\bin\vcruntime140.dll
0x00007ff9b7e40000 - 0x00007ff9b7edd000 	D:\JetBrains\IntelliJ IDEA 2019.2.3\jbr\bin\msvcp140.dll
0x00007ff9ade20000 - 0x00007ff9ae8d8000 	D:\JetBrains\IntelliJ IDEA 2019.2.3\jbr\bin\server\jvm.dll
0x00007ff9eb2c0000 - 0x00007ff9eb363000 	C:\WINDOWS\System32\ADVAPI32.dll
0x00007ff9eb740000 - 0x00007ff9eb7d7000 	C:\WINDOWS\System32\sechost.dll
0x00007ff9ea140000 - 0x00007ff9ea148000 	C:\WINDOWS\System32\PSAPI.DLL
0x00007ff9e5090000 - 0x00007ff9e50b4000 	C:\WINDOWS\SYSTEM32\WINMM.dll
0x00007ff9dbc40000 - 0x00007ff9dbc4a000 	C:\WINDOWS\SYSTEM32\VERSION.dll
0x00007ff9d21f0000 - 0x00007ff9d21f9000 	C:\WINDOWS\SYSTEM32\WSOCK32.dll
0x00007ff9eab00000 - 0x00007ff9eab6f000 	C:\WINDOWS\System32\WS2_32.dll
0x00007ff9e5060000 - 0x00007ff9e508d000 	C:\WINDOWS\SYSTEM32\winmmbase.dll
0x00007ff9e97f0000 - 0x00007ff9e983a000 	C:\WINDOWS\System32\cfgmgr32.dll
0x00007ff9e8b40000 - 0x00007ff9e8b51000 	C:\WINDOWS\System32\kernel.appcore.dll
0x00007ff9e4980000 - 0x00007ff9e4991000 	D:\JetBrains\IntelliJ IDEA 2019.2.3\jbr\bin\verify.dll
0x00007ff9e7390000 - 0x00007ff9e7584000 	C:\WINDOWS\SYSTEM32\DBGHELP.DLL
0x00007ff9d0340000 - 0x00007ff9d036a000 	C:\WINDOWS\SYSTEM32\dbgcore.DLL
0x00007ff9e48d0000 - 0x00007ff9e48f9000 	D:\JetBrains\IntelliJ IDEA 2019.2.3\jbr\bin\java.dll
0x00007ff9e4960000 - 0x00007ff9e4977000 	D:\JetBrains\IntelliJ IDEA 2019.2.3\jbr\bin\zip.dll
0x00007ff9e4870000 - 0x00007ff9e487b000 	D:\JetBrains\IntelliJ IDEA 2019.2.3\jbr\bin\jimage.dll
0x00007ff9eab70000 - 0x00007ff9eb256000 	C:\WINDOWS\System32\SHELL32.dll
0x00007ff9eb4b0000 - 0x00007ff9eb559000 	C:\WINDOWS\System32\shcore.dll
0x00007ff9e8bc0000 - 0x00007ff9e9342000 	C:\WINDOWS\System32\windows.storage.dll
0x00007ff9e8af0000 - 0x00007ff9e8b13000 	C:\WINDOWS\System32\profapi.dll
0x00007ff9e8aa0000 - 0x00007ff9e8aea000 	C:\WINDOWS\System32\powrprof.dll
0x00007ff9e8a90000 - 0x00007ff9e8aa0000 	C:\WINDOWS\System32\UMPDC.dll
0x00007ff9eb260000 - 0x00007ff9eb2b2000 	C:\WINDOWS\System32\shlwapi.dll
0x00007ff9e9700000 - 0x00007ff9e9717000 	C:\WINDOWS\System32\cryptsp.dll
0x00007ff9e4850000 - 0x00007ff9e486a000 	D:\JetBrains\IntelliJ IDEA 2019.2.3\jbr\bin\net.dll
0x00007ff9db310000 - 0x00007ff9db400000 	C:\WINDOWS\SYSTEM32\WINHTTP.dll
0x00007ff9d7180000 - 0x00007ff9d7356000 	C:\WINDOWS\SYSTEM32\urlmon.dll
0x00007ff9d75f0000 - 0x00007ff9d7896000 	C:\WINDOWS\SYSTEM32\iertutil.dll
0x00007ff9e84d0000 - 0x00007ff9e84dc000 	C:\WINDOWS\SYSTEM32\CRYPTBASE.DLL
0x00007ff9e8300000 - 0x00007ff9e8367000 	C:\WINDOWS\system32\mswsock.dll
0x00007ff9e3390000 - 0x00007ff9e33a4000 	D:\JetBrains\IntelliJ IDEA 2019.2.3\jbr\bin\nio.dll
0x00007ff9e7e70000 - 0x00007ff9e7ea3000 	C:\WINDOWS\system32\rsaenh.dll
0x00007ff9e9720000 - 0x00007ff9e9746000 	C:\WINDOWS\System32\bcrypt.dll
0x00007ff9e8980000 - 0x00007ff9e89a5000 	C:\WINDOWS\SYSTEM32\USERENV.dll
0x00007ff9e8010000 - 0x00007ff9e804a000 	C:\WINDOWS\SYSTEM32\IPHLPAPI.DLL
0x00007ff9e9cf0000 - 0x00007ff9e9cf8000 	C:\WINDOWS\System32\NSI.dll
0x00007ff9df500000 - 0x00007ff9df516000 	C:\WINDOWS\SYSTEM32\dhcpcsvc6.DLL
0x00007ff9df380000 - 0x00007ff9df39c000 	C:\WINDOWS\SYSTEM32\dhcpcsvc.DLL
0x00007ff9e8050000 - 0x00007ff9e811b000 	C:\WINDOWS\SYSTEM32\DNSAPI.dll
0x00007ff9d5290000 - 0x00007ff9d529a000 	C:\Users\Lenovo\AppData\Local\Temp\jansi-1.17.1-10664360154497129478.dll
0x00007ff9d4f30000 - 0x00007ff9d4f3a000 	C:\Users\Lenovo\AppData\Local\Temp\jansi-1.17.1-7631939004685926372.dll

dbghelp: loaded successfully - version: 4.0.5 - missing functions: none
symbol engine: initialized successfully - sym options: 0x614 - pdb path: .;D:\JetBrains\IntelliJ IDEA 2019.2.3\jbr\bin;C:\WINDOWS\SYSTEM32;C:\WINDOWS\WinSxS\amd64_microsoft.windows.common-controls_6595b64144ccf1df_6.0.18362.959_none_e6c7bbbf130c62bb;D:\JetBrains\IntelliJ IDEA 2019.2.3\jbr\bin\server;C:\Users\Lenovo\AppData\Local\Temp

VM Arguments:
jvm_args: -Dmaven.multiModuleProjectDirectory=E:\IdeaProjects\easyutil -Dmaven.home=D:\JetBrains\IntelliJ IDEA 2019.2.3\plugins\maven\lib\maven3 -Dclassworlds.conf=D:\JetBrains\IntelliJ IDEA 2019.2.3\plugins\maven\lib\maven3\bin\m2.conf -Dmaven.ext.class.path=D:\JetBrains\IntelliJ IDEA 2019.2.3\plugins\maven\lib\maven-event-listener.jar -Dfile.encoding=UTF-8 
java_command: org.codehaus.classworlds.Launcher -Didea.version2019.2.3 -s D:\apache-maven-3.5.4-bin\apache-maven-3.5.4\conf\settings.xml clean install
java_class_path (initial): D:\JetBrains\IntelliJ IDEA 2019.2.3\plugins\maven\lib\maven3\boot\plexus-classworlds-2.6.0.jar
Launcher Type: SUN_STANDARD

[Global flags]
     intx CICompilerCount                          = 4                                         {product} {ergonomic}
     uint ConcGCThreads                            = 2                                         {product} {ergonomic}
     uint G1ConcRefinementThreads                  = 8                                         {product} {ergonomic}
   size_t G1HeapRegionSize                         = 1048576                                   {product} {ergonomic}
    uintx GCDrainStackTargetSize                   = 64                                        {product} {ergonomic}
   size_t InitialHeapSize                          = 134217728                                 {product} {ergonomic}
   size_t MarkStackSize                            = 4194304                                   {product} {ergonomic}
   size_t MaxHeapSize                              = 2116026368                                {product} {ergonomic}
   size_t MaxNewSize                               = 1268776960                                {product} {ergonomic}
   size_t MinHeapDeltaBytes                        = 1048576                                   {product} {ergonomic}
    uintx NonNMethodCodeHeapSize                   = 5835340                                {pd product} {ergonomic}
    uintx NonProfiledCodeHeapSize                  = 122911450                              {pd product} {ergonomic}
    uintx ProfiledCodeHeapSize                     = 122911450                              {pd product} {ergonomic}
    uintx ReservedCodeCacheSize                    = 251658240                              {pd product} {ergonomic}
     bool SegmentedCodeCache                       = true                                      {product} {ergonomic}
     bool UseCompressedClassPointers               = true                                 {lp64_product} {ergonomic}
     bool UseCompressedOops                        = true                                 {lp64_product} {ergonomic}
     bool UseG1GC                                  = true                                      {product} {ergonomic}
     bool UseLargePagesIndividualAllocation        = false                                  {pd product} {ergonomic}

Logging:
Log output configuration:
 #0: stdout all=warning uptime,level,tags
 #1: stderr all=off uptime,level,tags

Environment Variables:
JAVA_HOME=D:\java\openjdk-11
CLASSPATH=.D:\java\openjdk-11\lib;D:\java\openjdk-11\lib\tools.jar
PATH=D:\mingw-w64\x86_64-8.1.0-posix-seh-rt_v6-rev0\mingw64\bin;C:\Program Files\Alacritty\;D:\Python\Python38\;D:\Python\Python38\Scripts\;C:\Program Files\NVIDIA GPU Computing Toolkit\CUDA\v9.0\bin;C:\Program Files\NVIDIA GPU Computing Toolkit\CUDA\v9.0\lib;C:\Program Files\Microsoft MPI\Bin\;C:\Program Files (x86)\Intel\iCLS Client\;C:\Program Files\Intel\iCLS Client\;C:\WINDOWS\system32;C:\WINDOWS;C:\WINDOWS\System32\Wbem;C:\WINDOWS\System32\WindowsPowerShell\v1.0\;C:\Program Files (x86)\Intel\Intel(R) Management Engine Components\DAL;C:\Program Files\Intel\Intel(R) Management Engine Components\DAL;C:\Program Files (x86)\Intel\Intel(R) Management Engine Components\IPT;C:\Program Files\Intel\Intel(R) Management Engine Components\IPT;C:\Program Files\dotnet\;D:\apache-maven-3.5.4-bin\apache-maven-3.5.4\bin;D:\Git\cmd;D:\.cargo\bin;C:\Program Files (x86)\NVIDIA Corporation\PhysX\Common;D:\cudnn-9.0-windows10-x64-v7.2.1.38\cuda\bin;E:\software\CMake\bin;C:\Program Files\Microsoft SQL Server\130\Tools\Binn\;C:\Windows\System32;E:\scala\bin;D:\sbt\bin;C:\ProgramData\chocolatey\bin;C:\Program Files\Git LFS;D:\java\openjdk-11\bin;D:\Microsoft Visual Studio\2017\Community\Common7\IDE;D:\Microsoft Visual Studio\2017\Community;D:\GOPATH\bin;D:\nodejs\node_global;E:\software\Android\SDK\tools;E:\software\gradle-4.10.2-bin\gradle-4.10.2\bin;C:\Program Files\Common Files\Intel\WirelessCommon\;E:\software\svn\bin;D:\automake\automake.exe;D:\gdbconfig;C:\Program Files\Intel\WiFi\bin\;D:\Python\Python37\;D:\Graphviz2.38\bin;D:\Julia-1.3.1\bin;D:\Lua\5.1;D:\Lua\5.1\clibs;D:\PuTTY\;D:\hadoop-3.1.2\hadoop-3.1.2\bin;D:\Go\bin;C:\WINDOWS\system32;C:\WINDOWS;C:\WINDOWS\System32\Wbem;C:\WINDOWS\System32\WindowsPowerShell\v1.0\;C:\WINDOWS\System32\OpenSSH\;E:\software\Android\SDK\platform-tools;E:\software\Android\SDK\emulator;E:\software\Android\SDK\tools;E:\software\Android\SDK\tools\bin;E:\flutter_windows_v1.12.13+hotfix.8-stable\flutter\bin;E:\herowuking-dart-sdk-master\dart-sdk\sdk\bi
USERNAME=Lenovo
OS=Windows_NT
PROCESSOR_IDENTIFIER=Intel64 Family 6 Model 142 Stepping 10, GenuineIntel



---------------  S Y S T E M  ---------------

OS: Windows 10 , 64 bit Build 18362 (10.0.18362.959)

CPU:total 8 (initial active 8) (4 cores per cpu, 2 threads per core) family 6 model 142 stepping 10, cmov, cx8, fxsr, mmx, sse, sse2, sse3, ssse3, sse4.1, sse4.2, popcnt, avx, avx2, aes, clmul, erms, 3dnowpref, lzcnt, ht, tsc, tscinvbit, bmi1, bmi2, adx, fma

Memory: 4k page, system-wide physical 8066M (1249M free)
TotalPageFile size 12162M (AvailPageFile size 0M)
current process WorkingSet (physical memory assigned to process): 129M, peak: 129M
current process commit charge ("private bytes"): 238M, peak: 239M

vm_info: OpenJDK 64-Bit Server VM (11.0.4+10-b304.69) for windows-amd64 JRE (11.0.4+10-b304.69), built on Sep  9 2019 11:39:50 by "" with MS VC++ 14.0 (VS2015)

END.
