#
# There is insufficient memory for the Java Runtime Environment to continue.
# Native memory allocation (mmap) failed to map 134217728 bytes for Failed to commit area from 0x0000000081e00000 to 0x0000000089e00000 of length 134217728.
# Possible reasons:
#   The system is out of physical RAM or swap space
#   The process is running with CompressedOops enabled, and the Java Heap may be blocking the growth of the native heap
# Possible solutions:
#   Reduce memory load on the system
#   Increase physical memory or swap space
#   Check if swap backing store is full
#   Decrease Java heap size (-Xmx/-Xms)
#   Decrease number of Java threads
#   Decrease Java thread stack sizes (-Xss)
#   Set larger code cache with -XX:ReservedCodeCacheSize=
# This output file may be truncated or incomplete.
#
#  Out of Memory Error (c:/BuildAgent/work/5ff2f6c26000d570/src/hotspot/os/windows/os_windows.cpp:3281), pid=3608, tid=16908
#
# JRE version:  (11.0.4+10) (build )
# Java VM: OpenJDK 64-Bit Server VM (11.0.4+10-b304.69, mixed mode, aot, sharing, tiered, compressed oops, g1 gc, windows-amd64)
# No core dump will be written. Minidumps are not enabled by default on client versions of Windows
#

---------------  S U M M A R Y ------------

Command Line: -Dmaven.multiModuleProjectDirectory=E:\IdeaProjects\easyutil -Dmaven.home=D:\JetBrains\IntelliJ IDEA 2019.2.3\plugins\maven\lib\maven3 -Dclassworlds.conf=D:\JetBrains\IntelliJ IDEA 2019.2.3\plugins\maven\lib\maven3\bin\m2.conf -Dmaven.ext.class.path=D:\JetBrains\IntelliJ IDEA 2019.2.3\plugins\maven\lib\maven-event-listener.jar -Dfile.encoding=UTF-8 org.codehaus.classworlds.Launcher -Didea.version2019.2.3 -s D:\apache-maven-3.5.4-bin\apache-maven-3.5.4\conf\settings.xml clean install

Host: Intel(R) Core(TM) i5-8250U CPU @ 1.60GHz, 8 cores, 7G,  Windows 10 , 64 bit Build 18362 (10.0.18362.959)
Time: Fri Jul 24 12:47:30 2020 ?D1¨²¡À¨º¡Á?¨º¡À?? elapsed time: 0 seconds (0d 0h 0m 0s)

---------------  T H R E A D  ---------------

Current thread (0x0000020b225b3000):  JavaThread "Unknown thread" [_thread_in_vm, id=16908, stack(0x00000011b8400000,0x00000011b8500000)]

Stack: [0x00000011b8400000,0x00000011b8500000]
Native frames: (J=compiled Java code, j=interpreted, Vv=VM code, C=native code)
V  [jvm.dll+0x5db31a]
V  [jvm.dll+0x70c395]
V  [jvm.dll+0x70d8b8]
V  [jvm.dll+0x70df83]
V  [jvm.dll+0x23dbb8]
V  [jvm.dll+0x5d8a74]
V  [jvm.dll+0x5cdb05]
V  [jvm.dll+0x2fa5bb]
V  [jvm.dll+0x2fa52a]
V  [jvm.dll+0x2fa402]
V  [jvm.dll+0x2ff2c6]
V  [jvm.dll+0x347893]
V  [jvm.dll+0x347f96]
V  [jvm.dll+0x347993]
V  [jvm.dll+0x2d4e28]
V  [jvm.dll+0x2d5fd7]
V  [jvm.dll+0x6eb717]
V  [jvm.dll+0x6ecf0c]
V  [jvm.dll+0x354fb9]
V  [jvm.dll+0x6d35be]
V  [jvm.dll+0x3bd673]
V  [jvm.dll+0x3bf9f1]
C  [java.exe+0x3763]
C  [java.exe+0x17a0c]
C  [KERNEL32.DLL+0x17bd4]
C  [ntdll.dll+0x6ce51]


---------------  P R O C E S S  ---------------

Threads class SMR info:
_java_thread_list=0x0000020b202d7310, length=0, elements={
}

Java Threads: ( => current thread )

Other Threads:
  0x0000020b225cb000 GCTaskThread "GC Thread#0" [stack: 0x00000011b8500000,0x00000011b8600000] [id=10644]
  0x0000020b225fa000 ConcurrentGCThread "G1 Main Marker" [stack: 0x00000011b8600000,0x00000011b8700000] [id=19824]
  0x0000020b225fb800 ConcurrentGCThread "G1 Conc#0" [stack: 0x00000011b8700000,0x00000011b8800000] [id=17732]

[error occurred during error reporting (printing all threads), id 0xc0000005, EXCEPTION_ACCESS_VIOLATION (0xc0000005) at pc=0x00007ff9af565727]

VM state:not at safepoint (not fully initialized)

VM Mutex/Monitor currently owned by a thread:  ([mutex/lock_event])
[0x0000020b225b0650] Heap_lock - owner thread: 0x0000020b225b3000

Heap address: 0x0000000081e00000, size: 2018 MB, Compressed Oops mode: Non-zero based: 0x0000000081e00000
Narrow klass base: 0x0000000000000000, Narrow klass shift: 0

GC Heap History (0 events):
No events

Deoptimization events (0 events):
No events

Classes redefined (0 events):
No events

Internal exceptions (0 events):
No events

Events (0 events):
No events


Dynamic libraries:
0x00007ff7c69d0000 - 0x00007ff7c6a17000 	D:\JetBrains\IntelliJ IDEA 2019.2.3\jbr\bin\java.exe
0x00007ff9ebbe0000 - 0x00007ff9ebdd0000 	C:\WINDOWS\SYSTEM32\ntdll.dll
0x00007ff9e9d00000 - 0x00007ff9e9db2000 	C:\WINDOWS\System32\KERNEL32.DLL
0x00007ff9e9350000 - 0x00007ff9e95f4000 	C:\WINDOWS\System32\KERNELBASE.dll
0x00007ff9ea240000 - 0x00007ff9ea3d4000 	C:\WINDOWS\System32\USER32.dll
0x00007ff9e9840000 - 0x00007ff9e9861000 	C:\WINDOWS\System32\win32u.dll
0x00007ff9e9df0000 - 0x00007ff9e9e16000 	C:\WINDOWS\System32\GDI32.dll
0x00007ff9e9870000 - 0x00007ff9e9a06000 	C:\WINDOWS\System32\gdi32full.dll
0x00007ff9e9750000 - 0x00007ff9e97ee000 	C:\WINDOWS\System32\msvcp_win.dll
0x00007ff9e9600000 - 0x00007ff9e96fa000 	C:\WINDOWS\System32\ucrtbase.dll
0x00007ff9d5850000 - 0x00007ff9d5ad4000 	C:\WINDOWS\WinSxS\amd64_microsoft.windows.common-controls_6595b64144ccf1df_6.0.18362.959_none_e6c7bbbf130c62bb\COMCTL32.dll
0x00007ff9e9e20000 - 0x00007ff9e9ebe000 	C:\WINDOWS\System32\msvcrt.dll
0x00007ff9eb860000 - 0x00007ff9ebb95000 	C:\WINDOWS\System32\combase.dll
0x00007ff9ea4a0000 - 0x00007ff9ea5c0000 	C:\WINDOWS\System32\RPCRT4.dll
0x00007ff9e9c10000 - 0x00007ff9e9c90000 	C:\WINDOWS\System32\bcryptPrimitives.dll
0x00007ff9e9dc0000 - 0x00007ff9e9dee000 	C:\WINDOWS\System32\IMM32.DLL
0x00007ff9e4860000 - 0x00007ff9e4877000 	D:\JetBrains\IntelliJ IDEA 2019.2.3\jbr\bin\vcruntime140.dll
0x00007ff9b6470000 - 0x00007ff9b650d000 	D:\JetBrains\IntelliJ IDEA 2019.2.3\jbr\bin\msvcp140.dll
0x00007ff9af280000 - 0x00007ff9afd38000 	D:\JetBrains\IntelliJ IDEA 2019.2.3\jbr\bin\server\jvm.dll
0x00007ff9eb2c0000 - 0x00007ff9eb363000 	C:\WINDOWS\System32\ADVAPI32.dll
0x00007ff9eb740000 - 0x00007ff9eb7d7000 	C:\WINDOWS\System32\sechost.dll
0x00007ff9ea140000 - 0x00007ff9ea148000 	C:\WINDOWS\System32\PSAPI.DLL
0x00007ff9d21f0000 - 0x00007ff9d21f9000 	C:\WINDOWS\SYSTEM32\WSOCK32.dll
0x00007ff9dbc40000 - 0x00007ff9dbc4a000 	C:\WINDOWS\SYSTEM32\VERSION.dll
0x00007ff9e5090000 - 0x00007ff9e50b4000 	C:\WINDOWS\SYSTEM32\WINMM.dll
0x00007ff9eab00000 - 0x00007ff9eab6f000 	C:\WINDOWS\System32\WS2_32.dll
0x00007ff9e5060000 - 0x00007ff9e508d000 	C:\WINDOWS\SYSTEM32\WINMMBASE.dll
0x00007ff9e97f0000 - 0x00007ff9e983a000 	C:\WINDOWS\System32\cfgmgr32.dll
0x00007ff9e8b40000 - 0x00007ff9e8b51000 	C:\WINDOWS\System32\kernel.appcore.dll
0x00007ff9d3120000 - 0x00007ff9d3131000 	D:\JetBrains\IntelliJ IDEA 2019.2.3\jbr\bin\verify.dll
0x00007ff9e7390000 - 0x00007ff9e7584000 	C:\WINDOWS\SYSTEM32\DBGHELP.DLL
0x00007ff9d0340000 - 0x00007ff9d036a000 	C:\WINDOWS\SYSTEM32\dbgcore.DLL
0x00007ff9d30f0000 - 0x00007ff9d3119000 	D:\JetBrains\IntelliJ IDEA 2019.2.3\jbr\bin\java.dll
0x00007ff9d3090000 - 0x00007ff9d30a7000 	D:\JetBrains\IntelliJ IDEA 2019.2.3\jbr\bin\zip.dll
0x00007ff9db130000 - 0x00007ff9db13b000 	D:\JetBrains\IntelliJ IDEA 2019.2.3\jbr\bin\jimage.dll

dbghelp: loaded successfully - version: 4.0.5 - missing functions: none
symbol engine: initialized successfully - sym options: 0x614 - pdb path: .;D:\JetBrains\IntelliJ IDEA 2019.2.3\jbr\bin;C:\WINDOWS\SYSTEM32;C:\WINDOWS\WinSxS\amd64_microsoft.windows.common-controls_6595b64144ccf1df_6.0.18362.959_none_e6c7bbbf130c62bb;D:\JetBrains\IntelliJ IDEA 2019.2.3\jbr\bin\server

VM Arguments:
jvm_args: -Dmaven.multiModuleProjectDirectory=E:\IdeaProjects\easyutil -Dmaven.home=D:\JetBrains\IntelliJ IDEA 2019.2.3\plugins\maven\lib\maven3 -Dclassworlds.conf=D:\JetBrains\IntelliJ IDEA 2019.2.3\plugins\maven\lib\maven3\bin\m2.conf -Dmaven.ext.class.path=D:\JetBrains\IntelliJ IDEA 2019.2.3\plugins\maven\lib\maven-event-listener.jar -Dfile.encoding=UTF-8 
java_command: org.codehaus.classworlds.Launcher -Didea.version2019.2.3 -s D:\apache-maven-3.5.4-bin\apache-maven-3.5.4\conf\settings.xml clean install
java_class_path (initial): D:\JetBrains\IntelliJ IDEA 2019.2.3\plugins\maven\lib\maven3\boot\plexus-classworlds-2.6.0.jar
Launcher Type: SUN_STANDARD

[Global flags]
     intx CICompilerCount                          = 4                                         {product} {ergonomic}
     uint ConcGCThreads                            = 2                                         {product} {ergonomic}
     uint G1ConcRefinementThreads                  = 8                                         {product} {ergonomic}
   size_t G1HeapRegionSize                         = 1048576                                   {product} {ergonomic}
    uintx GCDrainStackTargetSize                   = 64                                        {product} {ergonomic}
   size_t InitialHeapSize                          = 134217728                                 {product} {ergonomic}
   size_t MarkStackSize                            = 4194304                                   {product} {ergonomic}
   size_t MaxHeapSize                              = 2116026368                                {product} {ergonomic}
   size_t MinHeapDeltaBytes                        = 1048576                                   {product} {ergonomic}
    uintx NonNMethodCodeHeapSize                   = 5835340                                {pd product} {ergonomic}
    uintx NonProfiledCodeHeapSize                  = 122911450                              {pd product} {ergonomic}
    uintx ProfiledCodeHeapSize                     = 122911450                              {pd product} {ergonomic}
    uintx ReservedCodeCacheSize                    = 251658240                              {pd product} {ergonomic}
     bool SegmentedCodeCache                       = true                                      {product} {ergonomic}
     bool UseCompressedClassPointers               = true                                 {lp64_product} {ergonomic}
     bool UseCompressedOops                        = true                                 {lp64_product} {ergonomic}
     bool UseG1GC                                  = true                                      {product} {ergonomic}
     bool UseLargePagesIndividualAllocation        = false                                  {pd product} {ergonomic}

Logging:
Log output configuration:
 #0: stdout all=warning uptime,level,tags
 #1: stderr all=off uptime,level,tags

Environment Variables:
JAVA_HOME=D:\java\openjdk-11
CLASSPATH=.D:\java\openjdk-11\lib;D:\java\openjdk-11\lib\tools.jar
PATH=D:\mingw-w64\x86_64-8.1.0-posix-seh-rt_v6-rev0\mingw64\bin;C:\Program Files\Alacritty\;D:\Python\Python38\;D:\Python\Python38\Scripts\;C:\Program Files\NVIDIA GPU Computing Toolkit\CUDA\v9.0\bin;C:\Program Files\NVIDIA GPU Computing Toolkit\CUDA\v9.0\lib;C:\Program Files\Microsoft MPI\Bin\;C:\Program Files (x86)\Intel\iCLS Client\;C:\Program Files\Intel\iCLS Client\;C:\WINDOWS\system32;C:\WINDOWS;C:\WINDOWS\System32\Wbem;C:\WINDOWS\System32\WindowsPowerShell\v1.0\;C:\Program Files (x86)\Intel\Intel(R) Management Engine Components\DAL;C:\Program Files\Intel\Intel(R) Management Engine Components\DAL;C:\Program Files (x86)\Intel\Intel(R) Management Engine Components\IPT;C:\Program Files\Intel\Intel(R) Management Engine Components\IPT;C:\Program Files\dotnet\;D:\apache-maven-3.5.4-bin\apache-maven-3.5.4\bin;D:\Git\cmd;D:\.cargo\bin;C:\Program Files (x86)\NVIDIA Corporation\PhysX\Common;D:\cudnn-9.0-windows10-x64-v7.2.1.38\cuda\bin;E:\software\CMake\bin;C:\Program Files\Microsoft SQL Server\130\Tools\Binn\;C:\Windows\System32;E:\scala\bin;D:\sbt\bin;C:\ProgramData\chocolatey\bin;C:\Program Files\Git LFS;D:\java\openjdk-11\bin;D:\Microsoft Visual Studio\2017\Community\Common7\IDE;D:\Microsoft Visual Studio\2017\Community;D:\GOPATH\bin;D:\nodejs\node_global;E:\software\Android\SDK\tools;E:\software\gradle-4.10.2-bin\gradle-4.10.2\bin;C:\Program Files\Common Files\Intel\WirelessCommon\;E:\software\svn\bin;D:\automake\automake.exe;D:\gdbconfig;C:\Program Files\Intel\WiFi\bin\;D:\Python\Python37\;D:\Graphviz2.38\bin;D:\Julia-1.3.1\bin;D:\Lua\5.1;D:\Lua\5.1\clibs;D:\PuTTY\;D:\hadoop-3.1.2\hadoop-3.1.2\bin;D:\Go\bin;C:\WINDOWS\system32;C:\WINDOWS;C:\WINDOWS\System32\Wbem;C:\WINDOWS\System32\WindowsPowerShell\v1.0\;C:\WINDOWS\System32\OpenSSH\;E:\software\Android\SDK\platform-tools;E:\software\Android\SDK\emulator;E:\software\Android\SDK\tools;E:\software\Android\SDK\tools\bin;E:\flutter_windows_v1.12.13+hotfix.8-stable\flutter\bin;E:\herowuking-dart-sdk-master\dart-sdk\sdk\bi
USERNAME=Lenovo
OS=Windows_NT
PROCESSOR_IDENTIFIER=Intel64 Family 6 Model 142 Stepping 10, GenuineIntel



---------------  S Y S T E M  ---------------

OS: Windows 10 , 64 bit Build 18362 (10.0.18362.959)

CPU:total 8 (initial active 8) (4 cores per cpu, 2 threads per core) family 6 model 142 stepping 10, cmov, cx8, fxsr, mmx, sse, sse2, sse3, ssse3, sse4.1, sse4.2, popcnt, avx, avx2, aes, clmul, erms, 3dnowpref, lzcnt, ht, tsc, tscinvbit, bmi1, bmi2, adx, fma

Memory: 4k page, system-wide physical 8066M (1127M free)
TotalPageFile size 12162M (AvailPageFile size 66M)
current process WorkingSet (physical memory assigned to process): 10M, peak: 10M
current process commit charge ("private bytes"): 60M, peak: 187M

vm_info: OpenJDK 64-Bit Server VM (11.0.4+10-b304.69) for windows-amd64 JRE (11.0.4+10-b304.69), built on Sep  9 2019 11:39:50 by "" with MS VC++ 14.0 (VS2015)

END.
